{"/home/runner/work/trading-dashboard-react/trading-dashboard-react/src/components/EquityCurve.tsx": {"path":"/home/runner/work/trading-dashboard-react/trading-dashboard-react/src/components/EquityCurve.tsx","statementMap":{"0":{"start":{"line":1,"column":0},"end":{"line":1,"column":26}},"1":{"start":{"line":2,"column":0},"end":{"line":2,"column":110}},"2":{"start":{"line":11,"column":55},"end":{"line":42,"column":1}},"3":{"start":{"line":16,"column":20},"end":{"line":19,"column":5}},"4":{"start":{"line":16,"column":39},"end":{"line":19,"column":4}},"5":{"start":{"line":21,"column":2},"end":{"line":41,"column":4}},"6":{"start":{"line":11,"column":13},"end":{"line":11,"column":55}}},"fnMap":{"0":{"name":"(anonymous_1)","decl":{"start":{"line":11,"column":55},"end":{"line":11,"column":56}},"loc":{"start":{"line":15,"column":5},"end":{"line":42,"column":1}}},"1":{"name":"(anonymous_2)","decl":{"start":{"line":16,"column":29},"end":{"line":16,"column":34}},"loc":{"start":{"line":16,"column":39},"end":{"line":19,"column":4}}}},"branchMap":{"0":{"loc":{"start":{"line":13,"column":2},"end":{"line":13,"column":14}},"type":"default-arg","locations":[{"start":{"line":13,"column":11},"end":{"line":13,"column":14}}]},"1":{"loc":{"start":{"line":14,"column":2},"end":{"line":14,"column":17}},"type":"default-arg","locations":[{"start":{"line":14,"column":13},"end":{"line":14,"column":17}}]},"2":{"loc":{"start":{"line":26,"column":11},"end":{"line":26,"column":62}},"type":"binary-expr","locations":[{"start":{"line":26,"column":11},"end":{"line":26,"column":19}},{"start":{"line":26,"column":23},"end":{"line":26,"column":62}}]}},"s":{"0":1,"1":1,"2":1,"3":1,"4":3,"5":1,"6":1},"f":{"0":1,"1":3},"b":{"0":[1],"1":[1],"2":[1,1]}}
,"/home/runner/work/trading-dashboard-react/trading-dashboard-react/src/components/PerformanceMetrics.tsx": {"path":"/home/runner/work/trading-dashboard-react/trading-dashboard-react/src/components/PerformanceMetrics.tsx","statementMap":{"0":{"start":{"line":1,"column":0},"end":{"line":1,"column":26}},"1":{"start":{"line":10,"column":69},"end":{"line":36,"column":1}},"2":{"start":{"line":16,"column":2},"end":{"line":35,"column":4}},"3":{"start":{"line":10,"column":13},"end":{"line":10,"column":69}}},"fnMap":{"0":{"name":"(anonymous_1)","decl":{"start":{"line":10,"column":69},"end":{"line":10,"column":70}},"loc":{"start":{"line":15,"column":5},"end":{"line":36,"column":1}}}},"branchMap":{},"s":{"0":1,"1":1,"2":1,"3":1},"f":{"0":1},"b":{}}
,"/home/runner/work/trading-dashboard-react/trading-dashboard-react/src/components/StrategyComparison.tsx": {"path":"/home/runner/work/trading-dashboard-react/trading-dashboard-react/src/components/StrategyComparison.tsx","statementMap":{"0":{"start":{"line":1,"column":0},"end":{"line":1,"column":26}},"1":{"start":{"line":9,"column":69},"end":{"line":44,"column":1}},"2":{"start":{"line":13,"column":2},"end":{"line":43,"column":4}},"3":{"start":{"line":22,"column":16},"end":{"line":22,"column":43}},"4":{"start":{"line":30,"column":14},"end":{"line":30,"column":null}},"5":{"start":{"line":33,"column":18},"end":{"line":33,"column":67}},"6":{"start":{"line":9,"column":13},"end":{"line":9,"column":69}}},"fnMap":{"0":{"name":"(anonymous_1)","decl":{"start":{"line":9,"column":69},"end":{"line":9,"column":70}},"loc":{"start":{"line":12,"column":5},"end":{"line":44,"column":1}}},"1":{"name":"(anonymous_2)","decl":{"start":{"line":21,"column":27},"end":{"line":21,"column":28}},"loc":{"start":{"line":22,"column":16},"end":{"line":22,"column":43}}},"2":{"name":"(anonymous_3)","decl":{"start":{"line":29,"column":28},"end":{"line":29,"column":29}},"loc":{"start":{"line":30,"column":14},"end":{"line":30,"column":null}}},"3":{"name":"(anonymous_4)","decl":{"start":{"line":32,"column":29},"end":{"line":32,"column":30}},"loc":{"start":{"line":33,"column":18},"end":{"line":33,"column":67}}}},"branchMap":{"0":{"loc":{"start":{"line":34,"column":21},"end":{"line":34,"column":118}},"type":"cond-expr","locations":[{"start":{"line":34,"column":61},"end":{"line":34,"column":99}},{"start":{"line":34,"column":102},"end":{"line":34,"column":118}}]}},"s":{"0":1,"1":1,"2":1,"3":3,"4":2,"5":6,"6":1},"f":{"0":1,"1":3,"2":2,"3":6},"b":{"0":[6,0]}}
,"/home/runner/work/trading-dashboard-react/trading-dashboard-react/src/components/TradeTable.tsx": {"path":"/home/runner/work/trading-dashboard-react/trading-dashboard-react/src/components/TradeTable.tsx","statementMap":{"0":{"start":{"line":1,"column":0},"end":{"line":1,"column":26}},"1":{"start":{"line":10,"column":53},"end":{"line":68,"column":1}},"2":{"start":{"line":15,"column":38},"end":{"line":15,"column":56}},"3":{"start":{"line":17,"column":29},"end":{"line":20,"column":3}},"4":{"start":{"line":18,"column":4},"end":{"line":18,"column":38}},"5":{"start":{"line":19,"column":4},"end":{"line":19,"column":33}},"6":{"start":{"line":22,"column":2},"end":{"line":67,"column":4}},"7":{"start":{"line":39,"column":33},"end":{"line":39,"column":45}},"8":{"start":{"line":41,"column":33},"end":{"line":41,"column":49}},"9":{"start":{"line":43,"column":33},"end":{"line":43,"column":47}},"10":{"start":{"line":45,"column":33},"end":{"line":45,"column":53}},"11":{"start":{"line":47,"column":33},"end":{"line":47,"column":52}},"12":{"start":{"line":49,"column":33},"end":{"line":49,"column":49}},"13":{"start":{"line":54,"column":14},"end":{"line":54,"column":null}},"14":{"start":{"line":10,"column":13},"end":{"line":10,"column":53}}},"fnMap":{"0":{"name":"(anonymous_1)","decl":{"start":{"line":10,"column":53},"end":{"line":10,"column":54}},"loc":{"start":{"line":14,"column":5},"end":{"line":68,"column":1}}},"1":{"name":"(anonymous_2)","decl":{"start":{"line":17,"column":29},"end":{"line":17,"column":30}},"loc":{"start":{"line":17,"column":76},"end":{"line":20,"column":3}}},"2":{"name":"(anonymous_3)","decl":{"start":{"line":39,"column":27},"end":{"line":39,"column":30}},"loc":{"start":{"line":39,"column":33},"end":{"line":39,"column":45}}},"3":{"name":"(anonymous_4)","decl":{"start":{"line":41,"column":27},"end":{"line":41,"column":30}},"loc":{"start":{"line":41,"column":33},"end":{"line":41,"column":49}}},"4":{"name":"(anonymous_5)","decl":{"start":{"line":43,"column":27},"end":{"line":43,"column":30}},"loc":{"start":{"line":43,"column":33},"end":{"line":43,"column":47}}},"5":{"name":"(anonymous_6)","decl":{"start":{"line":45,"column":27},"end":{"line":45,"column":30}},"loc":{"start":{"line":45,"column":33},"end":{"line":45,"column":53}}},"6":{"name":"(anonymous_7)","decl":{"start":{"line":47,"column":27},"end":{"line":47,"column":30}},"loc":{"start":{"line":47,"column":33},"end":{"line":47,"column":52}}},"7":{"name":"(anonymous_8)","decl":{"start":{"line":49,"column":27},"end":{"line":49,"column":30}},"loc":{"start":{"line":49,"column":33},"end":{"line":49,"column":49}}},"8":{"name":"(anonymous_9)","decl":{"start":{"line":53,"column":24},"end":{"line":53,"column":25}},"loc":{"start":{"line":54,"column":14},"end":{"line":54,"column":null}}}},"branchMap":{},"s":{"0":1,"1":1,"2":8,"3":8,"4":2,"5":2,"6":8,"7":1,"8":1,"9":1,"10":1,"11":1,"12":1,"13":14,"14":1},"f":{"0":8,"1":2,"2":1,"3":1,"4":1,"5":1,"6":1,"7":1,"8":14},"b":{}}
,"/home/runner/work/trading-dashboard-react/trading-dashboard-react/src/hooks/useTheme.ts": {"path":"/home/runner/work/trading-dashboard-react/trading-dashboard-react/src/hooks/useTheme.ts","statementMap":{"0":{"start":{"line":1,"column":0},"end":{"line":1,"column":44}},"1":{"start":{"line":3,"column":24},"end":{"line":20,"column":1}},"2":{"start":{"line":4,"column":28},"end":{"line":7,"column":4}},"3":{"start":{"line":5,"column":23},"end":{"line":5,"column":52}},"4":{"start":{"line":6,"column":4},"end":{"line":6,"column":54}},"5":{"start":{"line":9,"column":2},"end":{"line":13,"column":14}},"6":{"start":{"line":10,"column":4},"end":{"line":10,"column":63}},"7":{"start":{"line":11,"column":4},"end":{"line":11,"column":50}},"8":{"start":{"line":12,"column":4},"end":{"line":12,"column":41}},"9":{"start":{"line":15,"column":22},"end":{"line":17,"column":3}},"10":{"start":{"line":16,"column":4},"end":{"line":16,"column":72}},"11":{"start":{"line":16,"column":29},"end":{"line":16,"column":69}},"12":{"start":{"line":19,"column":2},"end":{"line":19,"column":32}},"13":{"start":{"line":3,"column":13},"end":{"line":3,"column":24}}},"fnMap":{"0":{"name":"(anonymous_0)","decl":{"start":{"line":3,"column":24},"end":{"line":3,"column":27}},"loc":{"start":{"line":3,"column":29},"end":{"line":20,"column":1}}},"1":{"name":"(anonymous_1)","decl":{"start":{"line":4,"column":55},"end":{"line":4,"column":58}},"loc":{"start":{"line":4,"column":60},"end":{"line":7,"column":3}}},"2":{"name":"(anonymous_2)","decl":{"start":{"line":9,"column":12},"end":{"line":9,"column":15}},"loc":{"start":{"line":9,"column":17},"end":{"line":13,"column":3}}},"3":{"name":"(anonymous_3)","decl":{"start":{"line":15,"column":22},"end":{"line":15,"column":25}},"loc":{"start":{"line":15,"column":27},"end":{"line":17,"column":3}}},"4":{"name":"(anonymous_4)","decl":{"start":{"line":16,"column":13},"end":{"line":16,"column":14}},"loc":{"start":{"line":16,"column":29},"end":{"line":16,"column":69}}}},"branchMap":{"0":{"loc":{"start":{"line":6,"column":12},"end":{"line":6,"column":53}},"type":"binary-expr","locations":[{"start":{"line":6,"column":12},"end":{"line":6,"column":43}},{"start":{"line":6,"column":47},"end":{"line":6,"column":53}}]},"1":{"loc":{"start":{"line":16,"column":29},"end":{"line":16,"column":69}},"type":"cond-expr","locations":[{"start":{"line":16,"column":53},"end":{"line":16,"column":59}},{"start":{"line":16,"column":62},"end":{"line":16,"column":69}}]}},"s":{"0":1,"1":1,"2":8,"3":5,"4":5,"5":8,"6":8,"7":8,"8":8,"9":8,"10":3,"11":3,"12":8,"13":1},"f":{"0":8,"1":5,"2":8,"3":3,"4":3},"b":{"0":[5,3],"1":[1,2]}}
,"/home/runner/work/trading-dashboard-react/trading-dashboard-react/src/hooks/useWebSocket.ts": {"path":"/home/runner/work/trading-dashboard-react/trading-dashboard-react/src/hooks/useWebSocket.ts","statementMap":{"0":{"start":{"line":1,"column":0},"end":{"line":1,"column":52}},"1":{"start":{"line":3,"column":28},"end":{"line":35,"column":1}},"2":{"start":{"line":4,"column":26},"end":{"line":4,"column":45}},"3":{"start":{"line":5,"column":40},"end":{"line":5,"column":55}},"4":{"start":{"line":6,"column":13},"end":{"line":6,"column":43}},"5":{"start":{"line":8,"column":2},"end":{"line":32,"column":12}},"6":{"start":{"line":9,"column":4},"end":{"line":9,"column":36}},"7":{"start":{"line":11,"column":4},"end":{"line":14,"column":6}},"8":{"start":{"line":12,"column":6},"end":{"line":12,"column":41}},"9":{"start":{"line":13,"column":6},"end":{"line":13,"column":27}},"10":{"start":{"line":16,"column":4},"end":{"line":18,"column":6}},"11":{"start":{"line":17,"column":6},"end":{"line":17,"column":38}},"12":{"start":{"line":20,"column":4},"end":{"line":23,"column":6}},"13":{"start":{"line":21,"column":6},"end":{"line":21,"column":44}},"14":{"start":{"line":22,"column":6},"end":{"line":22,"column":28}},"15":{"start":{"line":25,"column":4},"end":{"line":27,"column":6}},"16":{"start":{"line":26,"column":6},"end":{"line":26,"column":47}},"17":{"start":{"line":29,"column":4},"end":{"line":31,"column":6}},"18":{"start":{"line":30,"column":6},"end":{"line":30,"column":26}},"19":{"start":{"line":34,"column":2},"end":{"line":34,"column":31}},"20":{"start":{"line":3,"column":13},"end":{"line":3,"column":28}}},"fnMap":{"0":{"name":"(anonymous_0)","decl":{"start":{"line":3,"column":28},"end":{"line":3,"column":29}},"loc":{"start":{"line":3,"column":44},"end":{"line":35,"column":1}}},"1":{"name":"(anonymous_1)","decl":{"start":{"line":8,"column":12},"end":{"line":8,"column":15}},"loc":{"start":{"line":8,"column":17},"end":{"line":32,"column":3}}},"2":{"name":"(anonymous_2)","decl":{"start":{"line":11,"column":24},"end":{"line":11,"column":27}},"loc":{"start":{"line":11,"column":29},"end":{"line":14,"column":5}}},"3":{"name":"(anonymous_3)","decl":{"start":{"line":16,"column":27},"end":{"line":16,"column":28}},"loc":{"start":{"line":16,"column":37},"end":{"line":18,"column":5}}},"4":{"name":"(anonymous_4)","decl":{"start":{"line":20,"column":25},"end":{"line":20,"column":28}},"loc":{"start":{"line":20,"column":30},"end":{"line":23,"column":5}}},"5":{"name":"(anonymous_5)","decl":{"start":{"line":25,"column":25},"end":{"line":25,"column":26}},"loc":{"start":{"line":25,"column":35},"end":{"line":27,"column":5}}},"6":{"name":"(anonymous_6)","decl":{"start":{"line":29,"column":11},"end":{"line":29,"column":14}},"loc":{"start":{"line":29,"column":16},"end":{"line":31,"column":5}}}},"branchMap":{},"s":{"0":1,"1":1,"2":10,"3":10,"4":10,"5":10,"6":5,"7":5,"8":5,"9":5,"10":5,"11":1,"12":5,"13":5,"14":5,"15":5,"16":1,"17":5,"18":5,"19":10,"20":1},"f":{"0":10,"1":5,"2":5,"3":1,"4":5,"5":1,"6":5},"b":{}}
,"/home/runner/work/trading-dashboard-react/trading-dashboard-react/src/utils/calculations.ts": {"path":"/home/runner/work/trading-dashboard-react/trading-dashboard-react/src/utils/calculations.ts","statementMap":{"0":{"start":{"line":9,"column":36},"end":{"line":22,"column":1}},"1":{"start":{"line":13,"column":2},"end":{"line":13,"column":37}},"2":{"start":{"line":13,"column":28},"end":{"line":13,"column":37}},"3":{"start":{"line":15,"column":20},"end":{"line":15,"column":75}},"4":{"start":{"line":15,"column":47},"end":{"line":15,"column":54}},"5":{"start":{"line":16,"column":19},"end":{"line":16,"column":99}},"6":{"start":{"line":16,"column":46},"end":{"line":16,"column":78}},"7":{"start":{"line":17,"column":17},"end":{"line":17,"column":36}},"8":{"start":{"line":19,"column":2},"end":{"line":19,"column":29}},"9":{"start":{"line":19,"column":20},"end":{"line":19,"column":29}},"10":{"start":{"line":21,"column":2},"end":{"line":21,"column":45}},"11":{"start":{"line":9,"column":13},"end":{"line":9,"column":36}},"12":{"start":{"line":29,"column":36},"end":{"line":46,"column":1}},"13":{"start":{"line":30,"column":2},"end":{"line":30,"column":40}},"14":{"start":{"line":30,"column":31},"end":{"line":30,"column":40}},"15":{"start":{"line":32,"column":20},"end":{"line":32,"column":21}},"16":{"start":{"line":33,"column":13},"end":{"line":33,"column":32}},"17":{"start":{"line":35,"column":2},"end":{"line":43,"column":5}},"18":{"start":{"line":36,"column":4},"end":{"line":38,"column":5}},"19":{"start":{"line":37,"column":6},"end":{"line":37,"column":25}},"20":{"start":{"line":39,"column":21},"end":{"line":39,"column":48}},"21":{"start":{"line":40,"column":4},"end":{"line":42,"column":5}},"22":{"start":{"line":41,"column":6},"end":{"line":41,"column":29}},"23":{"start":{"line":45,"column":2},"end":{"line":45,"column":21}},"24":{"start":{"line":29,"column":13},"end":{"line":29,"column":36}},"25":{"start":{"line":53,"column":32},"end":{"line":58,"column":1}},"26":{"start":{"line":54,"column":2},"end":{"line":54,"column":36}},"27":{"start":{"line":54,"column":27},"end":{"line":54,"column":36}},"28":{"start":{"line":56,"column":24},"end":{"line":56,"column":71}},"29":{"start":{"line":56,"column":47},"end":{"line":56,"column":63}},"30":{"start":{"line":57,"column":2},"end":{"line":57,"column":39}},"31":{"start":{"line":53,"column":13},"end":{"line":53,"column":32}},"32":{"start":{"line":65,"column":37},"end":{"line":79,"column":1}},"33":{"start":{"line":66,"column":2},"end":{"line":66,"column":36}},"34":{"start":{"line":66,"column":27},"end":{"line":66,"column":36}},"35":{"start":{"line":68,"column":22},"end":{"line":70,"column":50}},"36":{"start":{"line":69,"column":21},"end":{"line":69,"column":37}},"37":{"start":{"line":70,"column":28},"end":{"line":70,"column":46}},"38":{"start":{"line":72,"column":20},"end":{"line":74,"column":51}},"39":{"start":{"line":73,"column":21},"end":{"line":73,"column":37}},"40":{"start":{"line":74,"column":28},"end":{"line":74,"column":46}},"41":{"start":{"line":76,"column":2},"end":{"line":76,"column":61}},"42":{"start":{"line":76,"column":23},"end":{"line":76,"column":61}},"43":{"start":{"line":78,"column":2},"end":{"line":78,"column":33}},"44":{"start":{"line":65,"column":13},"end":{"line":65,"column":37}},"45":{"start":{"line":86,"column":36},"end":{"line":93,"column":1}},"46":{"start":{"line":87,"column":2},"end":{"line":87,"column":38}},"47":{"start":{"line":87,"column":29},"end":{"line":87,"column":38}},"48":{"start":{"line":89,"column":23},"end":{"line":89,"column":42}},"49":{"start":{"line":90,"column":21},"end":{"line":90,"column":60}},"50":{"start":{"line":92,"column":2},"end":{"line":92,"column":52}},"51":{"start":{"line":86,"column":13},"end":{"line":86,"column":36}},"52":{"start":{"line":100,"column":35},"end":{"line":114,"column":1}},"53":{"start":{"line":101,"column":2},"end":{"line":101,"column":38}},"54":{"start":{"line":101,"column":29},"end":{"line":101,"column":38}},"55":{"start":{"line":103,"column":28},"end":{"line":103,"column":30}},"56":{"start":{"line":104,"column":2},"end":{"line":107,"column":3}},"57":{"start":{"line":104,"column":15},"end":{"line":104,"column":16}},"58":{"start":{"line":105,"column":16},"end":{"line":105,"column":89}},"59":{"start":{"line":106,"column":4},"end":{"line":106,"column":22}},"60":{"start":{"line":109,"column":20},"end":{"line":109,"column":75}},"61":{"start":{"line":109,"column":47},"end":{"line":109,"column":54}},"62":{"start":{"line":110,"column":19},"end":{"line":110,"column":99}},"63":{"start":{"line":110,"column":46},"end":{"line":110,"column":78}},"64":{"start":{"line":113,"column":2},"end":{"line":113,"column":35}},"65":{"start":{"line":100,"column":13},"end":{"line":100,"column":35}},"66":{"start":{"line":122,"column":43},"end":{"line":138,"column":1}},"67":{"start":{"line":126,"column":18},"end":{"line":127,"column":null}},"68":{"start":{"line":127,"column":4},"end":{"line":127,"column":61}},"69":{"start":{"line":130,"column":2},"end":{"line":137,"column":4}},"70":{"start":{"line":122,"column":13},"end":{"line":122,"column":43}},"71":{"start":{"line":146,"column":30},"end":{"line":151,"column":1}},"72":{"start":{"line":147,"column":2},"end":{"line":150,"column":19}},"73":{"start":{"line":146,"column":13},"end":{"line":146,"column":30}},"74":{"start":{"line":159,"column":32},"end":{"line":161,"column":1}},"75":{"start":{"line":160,"column":2},"end":{"line":160,"column":47}},"76":{"start":{"line":159,"column":13},"end":{"line":159,"column":32}}},"fnMap":{"0":{"name":"(anonymous_0)","decl":{"start":{"line":9,"column":36},"end":{"line":9,"column":null}},"loc":{"start":{"line":12,"column":12},"end":{"line":22,"column":1}}},"1":{"name":"(anonymous_1)","decl":{"start":{"line":15,"column":35},"end":{"line":15,"column":36}},"loc":{"start":{"line":15,"column":47},"end":{"line":15,"column":54}}},"2":{"name":"(anonymous_2)","decl":{"start":{"line":16,"column":34},"end":{"line":16,"column":35}},"loc":{"start":{"line":16,"column":46},"end":{"line":16,"column":78}}},"3":{"name":"(anonymous_3)","decl":{"start":{"line":29,"column":36},"end":{"line":29,"column":37}},"loc":{"start":{"line":29,"column":74},"end":{"line":46,"column":1}}},"4":{"name":"(anonymous_4)","decl":{"start":{"line":35,"column":21},"end":{"line":35,"column":26}},"loc":{"start":{"line":35,"column":29},"end":{"line":43,"column":3}}},"5":{"name":"(anonymous_5)","decl":{"start":{"line":53,"column":32},"end":{"line":53,"column":33}},"loc":{"start":{"line":53,"column":60},"end":{"line":58,"column":1}}},"6":{"name":"(anonymous_6)","decl":{"start":{"line":56,"column":38},"end":{"line":56,"column":43}},"loc":{"start":{"line":56,"column":47},"end":{"line":56,"column":63}}},"7":{"name":"(anonymous_7)","decl":{"start":{"line":65,"column":37},"end":{"line":65,"column":38}},"loc":{"start":{"line":65,"column":65},"end":{"line":79,"column":1}}},"8":{"name":"(anonymous_8)","decl":{"start":{"line":69,"column":12},"end":{"line":69,"column":17}},"loc":{"start":{"line":69,"column":21},"end":{"line":69,"column":37}}},"9":{"name":"(anonymous_9)","decl":{"start":{"line":70,"column":12},"end":{"line":70,"column":13}},"loc":{"start":{"line":70,"column":28},"end":{"line":70,"column":46}}},"10":{"name":"(anonymous_10)","decl":{"start":{"line":73,"column":12},"end":{"line":73,"column":17}},"loc":{"start":{"line":73,"column":21},"end":{"line":73,"column":37}}},"11":{"name":"(anonymous_11)","decl":{"start":{"line":74,"column":12},"end":{"line":74,"column":13}},"loc":{"start":{"line":74,"column":28},"end":{"line":74,"column":46}}},"12":{"name":"(anonymous_12)","decl":{"start":{"line":86,"column":36},"end":{"line":86,"column":37}},"loc":{"start":{"line":86,"column":74},"end":{"line":93,"column":1}}},"13":{"name":"(anonymous_13)","decl":{"start":{"line":100,"column":35},"end":{"line":100,"column":36}},"loc":{"start":{"line":100,"column":73},"end":{"line":114,"column":1}}},"14":{"name":"(anonymous_14)","decl":{"start":{"line":109,"column":35},"end":{"line":109,"column":36}},"loc":{"start":{"line":109,"column":47},"end":{"line":109,"column":54}}},"15":{"name":"(anonymous_15)","decl":{"start":{"line":110,"column":34},"end":{"line":110,"column":35}},"loc":{"start":{"line":110,"column":46},"end":{"line":110,"column":78}}},"16":{"name":"(anonymous_16)","decl":{"start":{"line":122,"column":43},"end":{"line":122,"column":null}},"loc":{"start":{"line":125,"column":24},"end":{"line":138,"column":1}}},"17":{"name":"(anonymous_17)","decl":{"start":{"line":126,"column":42},"end":{"line":126,"column":43}},"loc":{"start":{"line":127,"column":4},"end":{"line":127,"column":61}}},"18":{"name":"(anonymous_18)","decl":{"start":{"line":146,"column":30},"end":{"line":146,"column":31}},"loc":{"start":{"line":146,"column":82},"end":{"line":151,"column":1}}},"19":{"name":"(anonymous_19)","decl":{"start":{"line":159,"column":32},"end":{"line":159,"column":33}},"loc":{"start":{"line":159,"column":80},"end":{"line":161,"column":1}}}},"branchMap":{"0":{"loc":{"start":{"line":11,"column":2},"end":{"line":11,"column":29}},"type":"default-arg","locations":[{"start":{"line":11,"column":25},"end":{"line":11,"column":29}}]},"1":{"loc":{"start":{"line":13,"column":2},"end":{"line":13,"column":37}},"type":"if","locations":[{"start":{"line":13,"column":2},"end":{"line":13,"column":37}},{"start":{},"end":{}}]},"2":{"loc":{"start":{"line":19,"column":2},"end":{"line":19,"column":29}},"type":"if","locations":[{"start":{"line":19,"column":2},"end":{"line":19,"column":29}},{"start":{},"end":{}}]},"3":{"loc":{"start":{"line":30,"column":2},"end":{"line":30,"column":40}},"type":"if","locations":[{"start":{"line":30,"column":2},"end":{"line":30,"column":40}},{"start":{},"end":{}}]},"4":{"loc":{"start":{"line":36,"column":4},"end":{"line":38,"column":5}},"type":"if","locations":[{"start":{"line":36,"column":4},"end":{"line":38,"column":5}},{"start":{},"end":{}}]},"5":{"loc":{"start":{"line":40,"column":4},"end":{"line":42,"column":5}},"type":"if","locations":[{"start":{"line":40,"column":4},"end":{"line":42,"column":5}},{"start":{},"end":{}}]},"6":{"loc":{"start":{"line":54,"column":2},"end":{"line":54,"column":36}},"type":"if","locations":[{"start":{"line":54,"column":2},"end":{"line":54,"column":36}},{"start":{},"end":{}}]},"7":{"loc":{"start":{"line":66,"column":2},"end":{"line":66,"column":36}},"type":"if","locations":[{"start":{"line":66,"column":2},"end":{"line":66,"column":36}},{"start":{},"end":{}}]},"8":{"loc":{"start":{"line":76,"column":2},"end":{"line":76,"column":61}},"type":"if","locations":[{"start":{"line":76,"column":2},"end":{"line":76,"column":61}},{"start":{},"end":{}}]},"9":{"loc":{"start":{"line":76,"column":30},"end":{"line":76,"column":60}},"type":"cond-expr","locations":[{"start":{"line":76,"column":48},"end":{"line":76,"column":56}},{"start":{"line":76,"column":59},"end":{"line":76,"column":60}}]},"10":{"loc":{"start":{"line":87,"column":2},"end":{"line":87,"column":38}},"type":"if","locations":[{"start":{"line":87,"column":2},"end":{"line":87,"column":38}},{"start":{},"end":{}}]},"11":{"loc":{"start":{"line":101,"column":2},"end":{"line":101,"column":38}},"type":"if","locations":[{"start":{"line":101,"column":2},"end":{"line":101,"column":38}},{"start":{},"end":{}}]},"12":{"loc":{"start":{"line":146,"column":46},"end":{"line":146,"column":70}},"type":"default-arg","locations":[{"start":{"line":146,"column":65},"end":{"line":146,"column":70}}]},"13":{"loc":{"start":{"line":159,"column":48},"end":{"line":159,"column":68}},"type":"default-arg","locations":[{"start":{"line":159,"column":67},"end":{"line":159,"column":68}}]}},"s":{"0":1,"1":4,"2":1,"3":3,"4":10,"5":3,"6":10,"7":3,"8":3,"9":1,"10":2,"11":1,"12":1,"13":4,"14":1,"15":3,"16":3,"17":3,"18":10,"19":5,"20":10,"21":10,"22":1,"23":3,"24":1,"25":1,"26":3,"27":1,"28":2,"29":5,"30":2,"31":1,"32":1,"33":5,"34":1,"35":4,"36":7,"37":5,"38":4,"39":7,"40":2,"41":4,"42":2,"43":2,"44":1,"45":1,"46":3,"47":1,"48":2,"49":2,"50":2,"51":1,"52":1,"53":3,"54":1,"55":2,"56":2,"57":2,"58":5,"59":5,"60":2,"61":5,"62":2,"63":5,"64":2,"65":1,"66":1,"67":1,"68":2,"69":1,"70":1,"71":1,"72":2,"73":1,"74":1,"75":2,"76":1},"f":{"0":4,"1":10,"2":10,"3":4,"4":10,"5":3,"6":5,"7":5,"8":7,"9":5,"10":7,"11":2,"12":3,"13":3,"14":5,"15":5,"16":1,"17":2,"18":2,"19":2},"b":{"0":[4],"1":[1,3],"2":[1,2],"3":[1,3],"4":[5,5],"5":[1,9],"6":[1,2],"7":[1,4],"8":[2,2],"9":[2,0],"10":[1,2],"11":[1,2],"12":[1],"13":[1]}}
}
