{"/home/ubuntu/trading-dashboard-react/src/components/EquityCurve.tsx": {"path":"/home/ubuntu/trading-dashboard-react/src/components/EquityCurve.tsx","statementMap":{"0":{"start":{"line":1,"column":0},"end":{"line":1,"column":26}},"1":{"start":{"line":2,"column":0},"end":{"line":2,"column":110}},"2":{"start":{"line":11,"column":55},"end":{"line":42,"column":1}},"3":{"start":{"line":16,"column":20},"end":{"line":19,"column":5}},"4":{"start":{"line":16,"column":39},"end":{"line":19,"column":4}},"5":{"start":{"line":21,"column":2},"end":{"line":41,"column":4}},"6":{"start":{"line":11,"column":13},"end":{"line":11,"column":55}}},"fnMap":{"0":{"name":"(anonymous_1)","decl":{"start":{"line":11,"column":55},"end":{"line":11,"column":56}},"loc":{"start":{"line":15,"column":5},"end":{"line":42,"column":1}}},"1":{"name":"(anonymous_2)","decl":{"start":{"line":16,"column":29},"end":{"line":16,"column":34}},"loc":{"start":{"line":16,"column":39},"end":{"line":19,"column":4}}}},"branchMap":{"0":{"loc":{"start":{"line":13,"column":2},"end":{"line":13,"column":14}},"type":"default-arg","locations":[{"start":{"line":13,"column":11},"end":{"line":13,"column":14}}]},"1":{"loc":{"start":{"line":14,"column":2},"end":{"line":14,"column":17}},"type":"default-arg","locations":[{"start":{"line":14,"column":13},"end":{"line":14,"column":17}}]},"2":{"loc":{"start":{"line":26,"column":11},"end":{"line":26,"column":62}},"type":"binary-expr","locations":[{"start":{"line":26,"column":11},"end":{"line":26,"column":19}},{"start":{"line":26,"column":23},"end":{"line":26,"column":62}}]}},"s":{"0":1,"1":1,"2":1,"3":1,"4":3,"5":1,"6":1},"f":{"0":1,"1":3},"b":{"0":[1],"1":[1],"2":[1,1]}}
,"/home/ubuntu/trading-dashboard-react/src/components/PerformanceMetrics.tsx": {"path":"/home/ubuntu/trading-dashboard-react/src/components/PerformanceMetrics.tsx","statementMap":{"0":{"start":{"line":1,"column":0},"end":{"line":1,"column":26}},"1":{"start":{"line":10,"column":69},"end":{"line":36,"column":1}},"2":{"start":{"line":16,"column":2},"end":{"line":35,"column":4}},"3":{"start":{"line":10,"column":13},"end":{"line":10,"column":69}}},"fnMap":{"0":{"name":"(anonymous_1)","decl":{"start":{"line":10,"column":69},"end":{"line":10,"column":70}},"loc":{"start":{"line":15,"column":5},"end":{"line":36,"column":1}}}},"branchMap":{},"s":{"0":1,"1":1,"2":1,"3":1},"f":{"0":1},"b":{}}
,"/home/ubuntu/trading-dashboard-react/src/components/StrategyComparison.tsx": {"path":"/home/ubuntu/trading-dashboard-react/src/components/StrategyComparison.tsx","statementMap":{"0":{"start":{"line":1,"column":0},"end":{"line":1,"column":26}},"1":{"start":{"line":9,"column":69},"end":{"line":44,"column":1}},"2":{"start":{"line":13,"column":2},"end":{"line":43,"column":4}},"3":{"start":{"line":22,"column":16},"end":{"line":22,"column":43}},"4":{"start":{"line":30,"column":14},"end":{"line":30,"column":null}},"5":{"start":{"line":33,"column":18},"end":{"line":33,"column":67}},"6":{"start":{"line":9,"column":13},"end":{"line":9,"column":69}}},"fnMap":{"0":{"name":"(anonymous_1)","decl":{"start":{"line":9,"column":69},"end":{"line":9,"column":70}},"loc":{"start":{"line":12,"column":5},"end":{"line":44,"column":1}}},"1":{"name":"(anonymous_2)","decl":{"start":{"line":21,"column":27},"end":{"line":21,"column":28}},"loc":{"start":{"line":22,"column":16},"end":{"line":22,"column":43}}},"2":{"name":"(anonymous_3)","decl":{"start":{"line":29,"column":28},"end":{"line":29,"column":29}},"loc":{"start":{"line":30,"column":14},"end":{"line":30,"column":null}}},"3":{"name":"(anonymous_4)","decl":{"start":{"line":32,"column":29},"end":{"line":32,"column":30}},"loc":{"start":{"line":33,"column":18},"end":{"line":33,"column":67}}}},"branchMap":{"0":{"loc":{"start":{"line":34,"column":21},"end":{"line":34,"column":118}},"type":"cond-expr","locations":[{"start":{"line":34,"column":61},"end":{"line":34,"column":99}},{"start":{"line":34,"column":102},"end":{"line":34,"column":118}}]}},"s":{"0":1,"1":1,"2":1,"3":3,"4":2,"5":6,"6":1},"f":{"0":1,"1":3,"2":2,"3":6},"b":{"0":[6,0]}}
,"/home/ubuntu/trading-dashboard-react/src/components/TradeTable.tsx": {"path":"/home/ubuntu/trading-dashboard-react/src/components/TradeTable.tsx","statementMap":{"0":{"start":{"line":1,"column":0},"end":{"line":1,"column":26}},"1":{"start":{"line":10,"column":53},"end":{"line":68,"column":1}},"2":{"start":{"line":15,"column":38},"end":{"line":15,"column":56}},"3":{"start":{"line":17,"column":29},"end":{"line":20,"column":3}},"4":{"start":{"line":18,"column":4},"end":{"line":18,"column":38}},"5":{"start":{"line":19,"column":4},"end":{"line":19,"column":33}},"6":{"start":{"line":22,"column":2},"end":{"line":67,"column":4}},"7":{"start":{"line":39,"column":33},"end":{"line":39,"column":45}},"8":{"start":{"line":41,"column":33},"end":{"line":41,"column":49}},"9":{"start":{"line":43,"column":33},"end":{"line":43,"column":47}},"10":{"start":{"line":45,"column":33},"end":{"line":45,"column":53}},"11":{"start":{"line":47,"column":33},"end":{"line":47,"column":52}},"12":{"start":{"line":49,"column":33},"end":{"line":49,"column":49}},"13":{"start":{"line":54,"column":14},"end":{"line":54,"column":null}},"14":{"start":{"line":10,"column":13},"end":{"line":10,"column":53}}},"fnMap":{"0":{"name":"(anonymous_1)","decl":{"start":{"line":10,"column":53},"end":{"line":10,"column":54}},"loc":{"start":{"line":14,"column":5},"end":{"line":68,"column":1}}},"1":{"name":"(anonymous_2)","decl":{"start":{"line":17,"column":29},"end":{"line":17,"column":30}},"loc":{"start":{"line":17,"column":76},"end":{"line":20,"column":3}}},"2":{"name":"(anonymous_3)","decl":{"start":{"line":39,"column":27},"end":{"line":39,"column":30}},"loc":{"start":{"line":39,"column":33},"end":{"line":39,"column":45}}},"3":{"name":"(anonymous_4)","decl":{"start":{"line":41,"column":27},"end":{"line":41,"column":30}},"loc":{"start":{"line":41,"column":33},"end":{"line":41,"column":49}}},"4":{"name":"(anonymous_5)","decl":{"start":{"line":43,"column":27},"end":{"line":43,"column":30}},"loc":{"start":{"line":43,"column":33},"end":{"line":43,"column":47}}},"5":{"name":"(anonymous_6)","decl":{"start":{"line":45,"column":27},"end":{"line":45,"column":30}},"loc":{"start":{"line":45,"column":33},"end":{"line":45,"column":53}}},"6":{"name":"(anonymous_7)","decl":{"start":{"line":47,"column":27},"end":{"line":47,"column":30}},"loc":{"start":{"line":47,"column":33},"end":{"line":47,"column":52}}},"7":{"name":"(anonymous_8)","decl":{"start":{"line":49,"column":27},"end":{"line":49,"column":30}},"loc":{"start":{"line":49,"column":33},"end":{"line":49,"column":49}}},"8":{"name":"(anonymous_9)","decl":{"start":{"line":53,"column":24},"end":{"line":53,"column":25}},"loc":{"start":{"line":54,"column":14},"end":{"line":54,"column":null}}}},"branchMap":{},"s":{"0":1,"1":1,"2":4,"3":4,"4":1,"5":1,"6":4,"7":0,"8":1,"9":0,"10":0,"11":0,"12":0,"13":8,"14":1},"f":{"0":4,"1":1,"2":0,"3":1,"4":0,"5":0,"6":0,"7":0,"8":8},"b":{}}
}
