TN:
SF:src/components/EquityCurve.tsx
FN:11,(anonymous_1)
FN:16,(anonymous_2)
FNF:2
FNH:2
FNDA:1,(anonymous_1)
FNDA:3,(anonymous_2)
DA:1,1
DA:2,1
DA:11,1
DA:16,3
DA:21,1
LF:5
LH:5
BRDA:13,0,0,1
BRDA:14,1,0,1
BRDA:26,2,0,1
BRDA:26,2,1,1
BRF:4
BRH:4
end_of_record
TN:
SF:src/components/PerformanceMetrics.tsx
FN:10,(anonymous_1)
FNF:1
FNH:1
FNDA:1,(anonymous_1)
DA:1,1
DA:10,1
DA:16,1
LF:3
LH:3
BRF:0
BRH:0
end_of_record
TN:
SF:src/components/StrategyComparison.tsx
FN:9,(anonymous_1)
FN:21,(anonymous_2)
FN:29,(anonymous_3)
FN:32,(anonymous_4)
FNF:4
FNH:4
FNDA:1,(anonymous_1)
FNDA:3,(anonymous_2)
FNDA:2,(anonymous_3)
FNDA:6,(anonymous_4)
DA:1,1
DA:9,1
DA:13,1
DA:22,3
DA:30,2
DA:33,6
LF:6
LH:6
BRDA:34,0,0,6
BRDA:34,0,1,0
BRF:2
BRH:1
end_of_record
TN:
SF:src/components/TradeTable.tsx
FN:10,(anonymous_1)
FN:17,(anonymous_2)
FN:39,(anonymous_3)
FN:41,(anonymous_4)
FN:43,(anonymous_5)
FN:45,(anonymous_6)
FN:47,(anonymous_7)
FN:49,(anonymous_8)
FN:53,(anonymous_9)
FNF:9
FNH:4
FNDA:4,(anonymous_1)
FNDA:1,(anonymous_2)
FNDA:0,(anonymous_3)
FNDA:1,(anonymous_4)
FNDA:0,(anonymous_5)
FNDA:0,(anonymous_6)
FNDA:0,(anonymous_7)
FNDA:0,(anonymous_8)
FNDA:8,(anonymous_9)
DA:1,1
DA:10,1
DA:15,4
DA:17,4
DA:18,1
DA:19,1
DA:22,4
DA:39,0
DA:41,1
DA:43,0
DA:45,0
DA:47,0
DA:49,0
DA:54,8
LF:14
LH:9
BRF:0
BRH:0
end_of_record
