TN:
SF:src/components/EquityCurve.tsx
FN:11,(anonymous_1)
FN:16,(anonymous_2)
FNF:2
FNH:2
FNDA:1,(anonymous_1)
FNDA:3,(anonymous_2)
DA:1,1
DA:2,1
DA:11,1
DA:16,3
DA:21,1
LF:5
LH:5
BRDA:13,0,0,1
BRDA:14,1,0,1
BRDA:26,2,0,1
BRDA:26,2,1,1
BRF:4
BRH:4
end_of_record
TN:
SF:src/components/PerformanceMetrics.tsx
FN:10,(anonymous_1)
FNF:1
FNH:1
FNDA:1,(anonymous_1)
DA:1,1
DA:10,1
DA:16,1
LF:3
LH:3
BRF:0
BRH:0
end_of_record
TN:
SF:src/components/StrategyComparison.tsx
FN:9,(anonymous_1)
FN:21,(anonymous_2)
FN:29,(anonymous_3)
FN:32,(anonymous_4)
FNF:4
FNH:4
FNDA:1,(anonymous_1)
FNDA:3,(anonymous_2)
FNDA:2,(anonymous_3)
FNDA:6,(anonymous_4)
DA:1,1
DA:9,1
DA:13,1
DA:22,3
DA:30,2
DA:33,6
LF:6
LH:6
BRDA:34,0,0,6
BRDA:34,0,1,0
BRF:2
BRH:1
end_of_record
TN:
SF:src/components/TradeTable.tsx
FN:10,(anonymous_1)
FN:17,(anonymous_2)
FN:39,(anonymous_3)
FN:41,(anonymous_4)
FN:43,(anonymous_5)
FN:45,(anonymous_6)
FN:47,(anonymous_7)
FN:49,(anonymous_8)
FN:53,(anonymous_9)
FNF:9
FNH:4
FNDA:4,(anonymous_1)
FNDA:1,(anonymous_2)
FNDA:0,(anonymous_3)
FNDA:1,(anonymous_4)
FNDA:0,(anonymous_5)
FNDA:0,(anonymous_6)
FNDA:0,(anonymous_7)
FNDA:0,(anonymous_8)
FNDA:8,(anonymous_9)
DA:1,1
DA:10,1
DA:15,4
DA:17,4
DA:18,1
DA:19,1
DA:22,4
DA:39,0
DA:41,1
DA:43,0
DA:45,0
DA:47,0
DA:49,0
DA:54,8
LF:14
LH:9
BRF:0
BRH:0
end_of_record
TN:
SF:src/hooks/useTheme.ts
FN:3,(anonymous_0)
FN:4,(anonymous_1)
FN:9,(anonymous_2)
FN:15,(anonymous_3)
FN:16,(anonymous_4)
FNF:5
FNH:5
FNDA:8,(anonymous_0)
FNDA:5,(anonymous_1)
FNDA:8,(anonymous_2)
FNDA:3,(anonymous_3)
FNDA:3,(anonymous_4)
DA:1,1
DA:3,1
DA:4,8
DA:5,5
DA:6,5
DA:9,8
DA:10,8
DA:11,8
DA:12,8
DA:15,8
DA:16,3
DA:19,8
LF:12
LH:12
BRDA:6,0,0,5
BRDA:6,0,1,3
BRDA:16,1,0,1
BRDA:16,1,1,2
BRF:4
BRH:4
end_of_record
TN:
SF:src/hooks/useWebSocket.ts
FN:3,(anonymous_0)
FN:8,(anonymous_1)
FN:11,(anonymous_2)
FN:16,(anonymous_3)
FN:20,(anonymous_4)
FN:25,(anonymous_5)
FN:29,(anonymous_6)
FNF:7
FNH:7
FNDA:10,(anonymous_0)
FNDA:5,(anonymous_1)
FNDA:5,(anonymous_2)
FNDA:1,(anonymous_3)
FNDA:5,(anonymous_4)
FNDA:1,(anonymous_5)
FNDA:5,(anonymous_6)
DA:1,1
DA:3,1
DA:4,10
DA:5,10
DA:6,10
DA:8,10
DA:9,5
DA:11,5
DA:12,5
DA:13,5
DA:16,5
DA:17,1
DA:20,5
DA:21,5
DA:22,5
DA:25,5
DA:26,1
DA:29,5
DA:30,5
DA:34,10
LF:20
LH:20
BRF:0
BRH:0
end_of_record
TN:
SF:src/utils/calculations.ts
FN:9,(anonymous_0)
FN:15,(anonymous_1)
FN:16,(anonymous_2)
FN:29,(anonymous_3)
FN:35,(anonymous_4)
FN:53,(anonymous_5)
FN:56,(anonymous_6)
FN:65,(anonymous_7)
FN:69,(anonymous_8)
FN:70,(anonymous_9)
FN:73,(anonymous_10)
FN:74,(anonymous_11)
FN:86,(anonymous_12)
FN:100,(anonymous_13)
FN:109,(anonymous_14)
FN:110,(anonymous_15)
FN:122,(anonymous_16)
FN:126,(anonymous_17)
FN:146,(anonymous_18)
FN:159,(anonymous_19)
FNF:20
FNH:20
FNDA:4,(anonymous_0)
FNDA:10,(anonymous_1)
FNDA:10,(anonymous_2)
FNDA:4,(anonymous_3)
FNDA:10,(anonymous_4)
FNDA:3,(anonymous_5)
FNDA:5,(anonymous_6)
FNDA:5,(anonymous_7)
FNDA:7,(anonymous_8)
FNDA:5,(anonymous_9)
FNDA:7,(anonymous_10)
FNDA:2,(anonymous_11)
FNDA:3,(anonymous_12)
FNDA:3,(anonymous_13)
FNDA:5,(anonymous_14)
FNDA:5,(anonymous_15)
FNDA:1,(anonymous_16)
FNDA:2,(anonymous_17)
FNDA:2,(anonymous_18)
FNDA:2,(anonymous_19)
DA:9,1
DA:13,4
DA:15,10
DA:16,10
DA:17,3
DA:19,3
DA:21,2
DA:29,1
DA:30,4
DA:32,3
DA:33,3
DA:35,3
DA:36,10
DA:37,5
DA:39,10
DA:40,10
DA:41,1
DA:45,3
DA:53,1
DA:54,3
DA:56,5
DA:57,2
DA:65,1
DA:66,5
DA:68,4
DA:69,7
DA:70,5
DA:72,4
DA:73,7
DA:74,2
DA:76,4
DA:78,2
DA:86,1
DA:87,3
DA:89,2
DA:90,2
DA:92,2
DA:100,1
DA:101,3
DA:103,2
DA:104,2
DA:105,5
DA:106,5
DA:109,5
DA:110,5
DA:113,2
DA:122,1
DA:126,1
DA:127,2
DA:130,1
DA:146,1
DA:147,2
DA:159,1
DA:160,2
LF:54
LH:54
BRDA:11,0,0,4
BRDA:13,1,0,1
BRDA:13,1,1,3
BRDA:19,2,0,1
BRDA:19,2,1,2
BRDA:30,3,0,1
BRDA:30,3,1,3
BRDA:36,4,0,5
BRDA:36,4,1,5
BRDA:40,5,0,1
BRDA:40,5,1,9
BRDA:54,6,0,1
BRDA:54,6,1,2
BRDA:66,7,0,1
BRDA:66,7,1,4
BRDA:76,8,0,2
BRDA:76,8,1,2
BRDA:76,9,0,2
BRDA:76,9,1,0
BRDA:87,10,0,1
BRDA:87,10,1,2
BRDA:101,11,0,1
BRDA:101,11,1,2
BRDA:146,12,0,1
BRDA:159,13,0,1
BRF:25
BRH:24
end_of_record
